<?xml version="1.0" encoding="UTF-8"?>
<testsuite name="ru.netology.qa.SampleTest" tests="1" skipped="0" failures="0" errors="0" timestamp="2024-11-10T20:33:59" hostname="-DEF-BOOK-" time="9.989">
  <properties/>
  <testcase name="cleanLine()" classname="ru.netology.qa.SampleTest" time="9.989"/>
  <system-out><![CDATA[]]></system-out>
  <system-err><![CDATA[нояб. 10, 2024 11:34:05 PM io.appium.java_client.remote.AppiumCommandExecutor$1 lambda$0
INFO: Detected dialect: W3C
]]></system-err>
</testsuite>
